Added Component: Designator=5V In(HDR1X2)
Added Component: Designator=12V In(HDR1X2)
Added Component: Designator=17V In(HDR1X2)
Added Component: Designator=Control(HDR1X3)
Added Component: Designator=Motor(HDR1X2)
Added Component: Designator=Q1(TO-220AB)
Added Component: Designator=Q2(TO-220AB)
Added Component: Designator=Q3(TO-220AB)
Added Component: Designator=Q4(TO-220AB)
Added Component: Designator=Q5(TO-92)
Added Component: Designator=Q6(TO-92)
Added Component: Designator=R1(AXIAL-0.4)
Added Component: Designator=R2(AXIAL-0.4)
Added Component: Designator=R3(AXIAL-0.4)
Added Component: Designator=R4(AXIAL-0.4)
Added Component: Designator=U2(N14A)
Added Pin To Net: NetName=!DIRECTION Pin=Control-3
Added Pin To Net: NetName=!DIRECTION Pin=Q5-1
Added Pin To Net: NetName=!DIRECTION Pin=U2-9
Added Net: Name=!DIRECTION
Added Pin To Net: NetName=12V Pin=12V In-2
Added Pin To Net: NetName=12V Pin=Q1-2
Added Pin To Net: NetName=12V Pin=Q2-2
Added Net: Name=12V
Added Pin To Net: NetName=17V Pin=17V In-2
Added Pin To Net: NetName=17V Pin=R1-1
Added Pin To Net: NetName=17V Pin=R2-1
Added Net: Name=17V
Added Pin To Net: NetName=DIRECTION Pin=Control-2
Added Pin To Net: NetName=DIRECTION Pin=Q6-1
Added Pin To Net: NetName=DIRECTION Pin=U2-13
Added Net: Name=DIRECTION
Added Pin To Net: NetName=GND Pin=5V In-1
Added Pin To Net: NetName=GND Pin=12V In-1
Added Pin To Net: NetName=GND Pin=17V In-1
Added Pin To Net: NetName=GND Pin=Q3-3
Added Pin To Net: NetName=GND Pin=Q4-3
Added Pin To Net: NetName=GND Pin=Q5-3
Added Pin To Net: NetName=GND Pin=Q6-2
Added Pin To Net: NetName=GND Pin=U2-7
Added Net: Name=GND
Added Pin To Net: NetName=NetMotor_1 Pin=Motor-1
Added Pin To Net: NetName=NetMotor_1 Pin=Q1-3
Added Pin To Net: NetName=NetMotor_1 Pin=Q3-2
Added Net: Name=NetMotor_1
Added Pin To Net: NetName=NetMotor_2 Pin=Motor-2
Added Pin To Net: NetName=NetMotor_2 Pin=Q2-3
Added Pin To Net: NetName=NetMotor_2 Pin=Q4-2
Added Net: Name=NetMotor_2
Added Pin To Net: NetName=NetQ1_1 Pin=Q1-1
Added Pin To Net: NetName=NetQ1_1 Pin=Q5-2
Added Pin To Net: NetName=NetQ1_1 Pin=R1-2
Added Net: Name=NetQ1_1
Added Pin To Net: NetName=NetQ2_1 Pin=Q2-1
Added Pin To Net: NetName=NetQ2_1 Pin=Q6-3
Added Pin To Net: NetName=NetQ2_1 Pin=R2-2
Added Net: Name=NetQ2_1
Added Pin To Net: NetName=NetQ3_1 Pin=Q3-1
Added Pin To Net: NetName=NetQ3_1 Pin=R3-2
Added Pin To Net: NetName=NetQ3_1 Pin=U2-8
Added Net: Name=NetQ3_1
Added Pin To Net: NetName=NetQ4_1 Pin=Q4-1
Added Pin To Net: NetName=NetQ4_1 Pin=R4-1
Added Pin To Net: NetName=NetQ4_1 Pin=U2-11
Added Net: Name=NetQ4_1
Added Pin To Net: NetName=PWM Pin=Control-1
Added Pin To Net: NetName=PWM Pin=U2-10
Added Pin To Net: NetName=PWM Pin=U2-12
Added Net: Name=PWM
Added Pin To Net: NetName=VCC Pin=5V In-2
Added Pin To Net: NetName=VCC Pin=R3-1
Added Pin To Net: NetName=VCC Pin=R4-2
Added Pin To Net: NetName=VCC Pin=U2-14
Added Net: Name=VCC
Added Class: Name=H-Bridge
Added Room: Name=H-Bridge
